# project  configured on Sun Apr 10 19:53:25 2016 by
# waf 1.7.11 (abi 98, python 2070af0 on darwin)
# using /Users/christopherschlitt/pebble-dev/PebbleSDK-3.0/Pebble/waf configure build
#
----------------------------------------
Setting top to
/Users/christopherschlitt/Desktop/chriss/Pebble_MLB
----------------------------------------
Setting out to
/Users/christopherschlitt/Desktop/chriss/Pebble_MLB/build
----------------------------------------
Found Pebble SDK for basalt in:
/Users/christopherschlitt/pebble-dev/PebbleSDK-3.0/Pebble/basalt
----------------------------------------
Checking for program gcc,cc
arm-none-eabi-gcc
find program=['gcc', 'cc'] paths='' var='CC' -> 'arm-none-eabi-gcc'
----------------------------------------
Checking for program ar
arm-none-eabi-ar
find program=['ar'] paths='' var='AR' -> 'arm-none-eabi-ar'
----------------------------------------
Found Pebble SDK for aplite in:
/Users/christopherschlitt/pebble-dev/PebbleSDK-3.0/Pebble/aplite
----------------------------------------
Checking for program gcc,cc
arm-none-eabi-gcc
find program=['gcc', 'cc'] paths='' var='CC' -> 'arm-none-eabi-gcc'
----------------------------------------
Checking for program ar
arm-none-eabi-ar
find program=['ar'] paths='' var='AR' -> 'arm-none-eabi-ar'
